<?xml version="1.0" encoding="UTF-8"?>
<testng-results ignored="0" total="1" passed="1" failed="0" skipped="0">
  <reporter-output>
  </reporter-output>
  <suite started-at="2021-04-14T23:34:25 CEST" name="Default suite" finished-at="2021-04-14T23:35:42 CEST" duration-ms="76944">
    <groups>
    </groups>
    <test started-at="2021-04-14T23:34:25 CEST" name="Default test" finished-at="2021-04-14T23:35:42 CEST" duration-ms="76944">
      <class name="packageWefox.MainWebTest">
        <test-method is-config="true" signature="baseState()[pri:0, instance:packageWefox.MainWebTest@186f8716]" started-at="2021-04-14T23:34:25 CEST" name="baseState" finished-at="2021-04-14T23:34:37 CEST" duration-ms="12313" status="PASS">
          <reporter-output>
          </reporter-output>
        </test-method> <!-- baseState -->
        <test-method signature="HotelReservation()[pri:0, instance:packageWefox.MainWebTest@186f8716]" started-at="2021-04-14T23:34:37 CEST" name="HotelReservation" finished-at="2021-04-14T23:35:42 CEST" duration-ms="64493" status="PASS">
          <reporter-output>
          </reporter-output>
        </test-method> <!-- HotelReservation -->
      </class> <!-- packageWefox.MainWebTest -->
    </test> <!-- Default test -->
  </suite> <!-- Default suite -->
</testng-results>
